This is pdfTeX, Version 3.141592653-2.6-1.40.24 (TeX Live 2022/Arch Linux) (preloaded format=latex 2022.6.17)  17 JUN 2022 20:25
entering extended mode
 restricted \write18 enabled.
 %&-line parsing enabled.
**graphs.tex
(./graphs.tex
LaTeX2e <2021-11-15> patch level 1
L3 programming layer <2022-04-10>)
*^^[

! LaTeX Error: Unicode character ^^[ (U+001B)
               not set up for use with LaTeX.

See the LaTeX manual or LaTeX Companion for explanation.
Type  H <return>  for immediate help.
 ...                                              
                                                  
<*> ^^[
       
? q
OK, entering \batchmode...
! Emergency stop.
<*> ^^[
       
*** (job aborted, no legal \end found)

 
Here is how much of TeX's memory you used:
 16 strings out of 478239
 390 string characters out of 5850482
 289988 words of memory out of 5000000
 18355 multiletter control sequences out of 15000+600000
 469259 words of font info for 28 fonts, out of 8000000 for 9000
 1141 hyphenation exceptions out of 8191
 13i,0n,12p,84b,14s stack positions out of 5000i,500n,10000p,200000b,80000s
No pages of output.
